[    0.000000] Linux version 4.8.0-30-generic (buildd@lcy01-08) (gcc version 6.2.0 20161005 (Ubuntu 6.2.0-5ubuntu12) ) #32-Ubuntu SMP Fri Dec 2 03:43:27 UTC 2016 (Ubuntu 4.8.0-30.32-generic 4.8.6)
[    0.000000] Command line: BOOT_IMAGE=/boot/vmlinuz-4.8.0-30-generic root=LABEL=cloudimg-rootfs ro console=tty1 console=ttyS0
[    0.000000] KERNEL supported cpus:
[    0.000000]   Intel GenuineIntel
[    0.000000]   AMD AuthenticAMD
[    0.000000]   Centaur CentaurHauls
[    0.000000] x86/fpu: Supporting XSAVE feature 0x001: 'x87 floating point registers'
[    0.000000] x86/fpu: Supporting XSAVE feature 0x002: 'SSE registers'
[    0.000000] x86/fpu: Supporting XSAVE feature 0x004: 'AVX registers'
[    0.000000] x86/fpu: xstate_offset[2]:  576, xstate_sizes[2]:  256
[    0.000000] x86/fpu: Enabled xstate features 0x7, context size is 832 bytes, using 'standard' format.
[    0.000000] x86/fpu: Using 'eager' FPU context switches.
[    0.000000] e820: BIOS-provided physical RAM map:
[    0.000000] BIOS-e820: [mem 0x0000000000000000-0x000000000009fbff] usable
[    0.000000] BIOS-e820: [mem 0x000000000009fc00-0x000000000009ffff] reserved
[    0.000000] BIOS-e820: [mem 0x00000000000f0000-0x00000000000fffff] reserved
[    0.000000] BIOS-e820: [mem 0x0000000000100000-0x000000003ffeffff] usable
[    0.000000] BIOS-e820: [mem 0x000000003fff0000-0x000000003fffffff] ACPI data
[    0.000000] BIOS-e820: [mem 0x00000000fec00000-0x00000000fec00fff] reserved
[    0.000000] BIOS-e820: [mem 0x00000000fee00000-0x00000000fee00fff] reserved
[    0.000000] BIOS-e820: [mem 0x00000000fffc0000-0x00000000ffffffff] reserved
[    0.000000] NX (Execute Disable) protection: active
[    0.000000] SMBIOS 2.5 present.
[    0.000000] Hypervisor detected: KVM
[    0.000000] e820: last_pfn = 0x3fff0 max_arch_pfn = 0x400000000
[    0.000000] MTRR: Disabled
[    0.000000] x86/PAT: MTRRs disabled, skipping PAT initialization too.
[    0.000000] x86/PAT: Configuration [0-7]: WB  WT  UC- UC  WB  WT  UC- UC  
[    0.000000] CPU MTRRs all blank - virtualized system.
[    0.000000] found SMP MP-table at [mem 0x0009fff0-0x0009ffff] mapped at [ffff993a4009fff0]
[    0.000000] Scanning 1 areas for low memory corruption
[    0.000000] RAMDISK: [mem 0x36e57000-0x37722fff]
[    0.000000] ACPI: Early table checksum verification disabled
[    0.000000] ACPI: RSDP 0x00000000000E0000 000024 (v02 VBOX  )
[    0.000000] ACPI: XSDT 0x000000003FFF0030 00003C (v01 VBOX   VBOXXSDT 00000001 ASL  00000061)
[    0.000000] ACPI: FACP 0x000000003FFF00F0 0000F4 (v04 VBOX   VBOXFACP 00000001 ASL  00000061)
[    0.000000] ACPI: DSDT 0x000000003FFF0470 0021C8 (v02 VBOX   VBOXBIOS 00000002 INTL 20100528)
[    0.000000] ACPI: FACS 0x000000003FFF0200 000040
[    0.000000] ACPI: FACS 0x000000003FFF0200 000040
[    0.000000] ACPI: APIC 0x000000003FFF0240 00005C (v02 VBOX   VBOXAPIC 00000001 ASL  00000061)
[    0.000000] ACPI: SSDT 0x000000003FFF02A0 0001CC (v01 VBOX   VBOXCPUT 00000002 INTL 20100528)
[    0.000000] No NUMA configuration found
[    0.000000] Faking a node at [mem 0x0000000000000000-0x000000003ffeffff]
[    0.000000] NODE_DATA(0) allocated [mem 0x3ffeb000-0x3ffeffff]
[    0.000000] kvm-clock: Using msrs 4b564d01 and 4b564d00
[    0.000000] kvm-clock: cpu 0, msr 0:3ffe7001, primary cpu clock
[    0.000000] kvm-clock: using sched offset of 4686554997 cycles
[    0.000000] clocksource: kvm-clock: mask: 0xffffffffffffffff max_cycles: 0x1cd42e4dffb, max_idle_ns: 881590591483 ns
[    0.000000] Zone ranges:
[    0.000000]   DMA      [mem 0x0000000000001000-0x0000000000ffffff]
[    0.000000]   DMA32    [mem 0x0000000001000000-0x000000003ffeffff]
[    0.000000]   Normal   empty
[    0.000000]   Device   empty
[    0.000000] Movable zone start for each node
[    0.000000] Early memory node ranges
[    0.000000]   node   0: [mem 0x0000000000001000-0x000000000009efff]
[    0.000000]   node   0: [mem 0x0000000000100000-0x000000003ffeffff]
[    0.000000] Initmem setup node 0 [mem 0x0000000000001000-0x000000003ffeffff]
[    0.000000] ACPI: PM-Timer IO Port: 0x4008
[    0.000000] IOAPIC[0]: apic_id 2, version 32, address 0xfec00000, GSI 0-23
[    0.000000] ACPI: INT_SRC_OVR (bus 0 bus_irq 0 global_irq 2 dfl dfl)
[    0.000000] ACPI: INT_SRC_OVR (bus 0 bus_irq 9 global_irq 9 high level)
[    0.000000] Using ACPI (MADT) for SMP configuration information
[    0.000000] smpboot: Allowing 2 CPUs, 0 hotplug CPUs
[    0.000000] PM: Registered nosave memory: [mem 0x00000000-0x00000fff]
[    0.000000] PM: Registered nosave memory: [mem 0x0009f000-0x0009ffff]
[    0.000000] PM: Registered nosave memory: [mem 0x000a0000-0x000effff]
[    0.000000] PM: Registered nosave memory: [mem 0x000f0000-0x000fffff]
[    0.000000] e820: [mem 0x40000000-0xfebfffff] available for PCI devices
[    0.000000] Booting paravirtualized kernel on KVM
[    0.000000] clocksource: refined-jiffies: mask: 0xffffffff max_cycles: 0xffffffff, max_idle_ns: 7645519600211568 ns
[    0.000000] setup_percpu: NR_CPUS:256 nr_cpumask_bits:256 nr_cpu_ids:2 nr_node_ids:1
[    0.000000] percpu: Embedded 36 pages/cpu @ffff993a7fc00000 s107544 r8192 d31720 u1048576
[    0.000000] PV qspinlock hash table entries: 256 (order: 0, 4096 bytes)
[    0.000000] Built 1 zonelists in Node order, mobility grouping on.  Total pages: 257913
[    0.000000] Policy zone: DMA32
[    0.000000] Kernel command line: BOOT_IMAGE=/boot/vmlinuz-4.8.0-30-generic root=LABEL=cloudimg-rootfs ro console=tty1 console=ttyS0
[    0.000000] PID hash table entries: 4096 (order: 3, 32768 bytes)
[    0.000000] Memory: 1003380K/1048120K available (8827K kernel code, 1432K rwdata, 3808K rodata, 1548K init, 1272K bss, 44740K reserved, 0K cma-reserved)
[    0.000000] SLUB: HWalign=64, Order=0-3, MinObjects=0, CPUs=2, Nodes=1
[    0.000000] Hierarchical RCU implementation.
[    0.000000] 	Build-time adjustment of leaf fanout to 64.
[    0.000000] 	RCU restricting CPUs from NR_CPUS=256 to nr_cpu_ids=2.
[    0.000000] RCU: Adjusting geometry for rcu_fanout_leaf=64, nr_cpu_ids=2
[    0.000000] NR_IRQS:16640 nr_irqs:440 16
[    0.000000] Console: colour VGA+ 80x25
[    0.000000] console [tty1] enabled
[    0.000000] console [ttyS0] enabled
[    0.000000] tsc: Detected 2495.334 MHz processor
[    0.000000] tsc: Marking TSC unstable due to TSCs unsynchronized
[    0.008000] Calibrating delay loop (skipped) preset value.. 4990.66 BogoMIPS (lpj=9981336)
[    0.009695] pid_max: default: 32768 minimum: 301
[    0.012030] ACPI: Core revision 20160422
[    0.016211] ACPI: 2 ACPI AML tables successfully acquired and loaded
[    0.024016] 
[    0.028081] Security Framework initialized
[    0.032007] Yama: becoming mindful.
[    0.036029] AppArmor: AppArmor initialized
[    0.044115] Dentry cache hash table entries: 131072 (order: 8, 1048576 bytes)
[    0.048509] Inode-cache hash table entries: 65536 (order: 7, 524288 bytes)
[    0.060133] Mount-cache hash table entries: 2048 (order: 2, 16384 bytes)
[    0.064038] Mountpoint-cache hash table entries: 2048 (order: 2, 16384 bytes)
[    0.068596] CPU: Physical Processor ID: 0
[    0.072019] CPU: Processor Core ID: 0
[    0.076025] mce: CPU supports 0 MCE banks
[    0.080183] Last level iTLB entries: 4KB 512, 2MB 1024, 4MB 512
[    0.084027] Last level dTLB entries: 4KB 1024, 2MB 1024, 4MB 512, 1GB 0
[    0.095367] Freeing SMP alternatives memory: 32K (ffffffff910eb000 - ffffffff910f3000)
[    0.115816] ftrace: allocating 33372 entries in 131 pages
[    0.132176] smpboot: APIC(0) Converting physical 0 to logical package 0
[    0.136023] smpboot: Max logical packages: 1
[    0.140679] x2apic enabled
[    0.144019] Switched APIC routing to physical x2apic.
[    0.152777] ..TIMER: vector=0x30 apic1=0 pin1=2 apic2=-1 pin2=-1
[    0.160000] APIC calibration not consistent with PM-Timer: 98ms instead of 100ms
[    0.160000] APIC delta adjusted to PM-Timer: 6357541 (6253765)
[    0.160129] smpboot: CPU0: AMD A10-5750M APU with Radeon(tm) HD Graphics (family: 0x15, model: 0x13, stepping: 0x1)
[    0.172019] Performance Events: PMU not available due to virtualization, using software events only.
[    0.176081] KVM setup paravirtual spinlock
[    0.181819] x86: Booting SMP configuration:
[    0.184033] .... node  #0, CPUs:      #1
[    0.008000] kvm-clock: cpu 1, msr 0:3ffe7041, secondary cpu clock
[    0.008000] mce: CPU supports 0 MCE banks
[    0.273186] x86: Booted up 1 node, 2 CPUs
[    0.276017] smpboot: Total of 2 processors activated (9981.33 BogoMIPS)
[    0.284438] devtmpfs: initialized
[    0.288173] x86/mm: Memory block size: 128MB
[    0.298807] evm: security.selinux
[    0.300013] evm: security.SMACK64
[    0.304003] evm: security.SMACK64EXEC
[    0.308015] evm: security.SMACK64TRANSMUTE
[    0.312018] evm: security.SMACK64MMAP
[    0.316013] evm: security.ima
[    0.320010] evm: security.capability
[    0.324225] clocksource: jiffies: mask: 0xffffffff max_cycles: 0xffffffff, max_idle_ns: 7645041785100000 ns
[    0.328175] pinctrl core: initialized pinctrl subsystem
[    0.332434] RTC time:  5:13:13, date: 06/01/17
[    0.336429] NET: Registered protocol family 16
[    0.352041] cpuidle: using governor ladder
[    0.368041] cpuidle: using governor menu
[    0.372009] PCCT header not found.
[    0.376461] ACPI: bus type PCI registered
[    0.380005] acpiphp: ACPI Hot Plug PCI Controller Driver version: 0.5
[    0.384191] PCI: Using configuration type 1 for base access
[    0.388005] PCI: Using configuration type 1 for extended access
[    0.408249] HugeTLB registered 2 MB page size, pre-allocated 0 pages
[    0.472316] ACPI: Added _OSI(Module Device)
[    0.532017] ACPI: Added _OSI(Processor Device)
[    0.556024] ACPI: Added _OSI(3.0 _SCP Extensions)
[    0.576006] ACPI: Added _OSI(Processor Aggregator Device)
[    0.580519] ACPI: Executed 1 blocks of module-level executable AML code
[    0.623043] ACPI: Interpreter enabled
[    0.640041] ACPI: (supports S0 S5)
[    0.652009] ACPI: Using IOAPIC for interrupt routing
[    0.668329] PCI: Using host bridge windows from ACPI; if necessary, use "pci=nocrs" and report a bug
[    0.686513] ACPI: PCI Root Bridge [PCI0] (domain 0000 [bus 00-ff])
[    0.696015] acpi PNP0A03:00: _OSC: OS supports [ExtendedConfig ASPM ClockPM Segments MSI]
[    0.708017] acpi PNP0A03:00: _OSC failed (AE_NOT_FOUND); disabling ASPM
[    0.720567] PCI host bridge to bus 0000:00
[    0.724007] pci_bus 0000:00: root bus resource [io  0x0000-0x0cf7 window]
[    0.736010] pci_bus 0000:00: root bus resource [io  0x0d00-0xffff window]
[    0.744005] pci_bus 0000:00: root bus resource [mem 0x000a0000-0x000bffff window]
[    0.756011] pci_bus 0000:00: root bus resource [mem 0x40000000-0xffdfffff window]
[    0.760006] pci_bus 0000:00: root bus resource [bus 00-ff]
[    0.770197] pci 0000:00:01.1: legacy IDE quirk: reg 0x10: [io  0x01f0-0x01f7]
[    0.784007] pci 0000:00:01.1: legacy IDE quirk: reg 0x14: [io  0x03f6]
[    0.796010] pci 0000:00:01.1: legacy IDE quirk: reg 0x18: [io  0x0170-0x0177]
[    0.808007] pci 0000:00:01.1: legacy IDE quirk: reg 0x1c: [io  0x0376]
[    0.865581] pci 0000:00:07.0: quirk: [io  0x4000-0x403f] claimed by PIIX4 ACPI
[    0.944050] pci 0000:00:07.0: quirk: [io  0x4100-0x410f] claimed by PIIX4 SMB
[    1.021339] ACPI: PCI Interrupt Link [LNKA] (IRQs 5 9 10 *11)
[    1.044146] ACPI: PCI Interrupt Link [LNKB] (IRQs 5 9 10 *11)
[    1.057563] ACPI: PCI Interrupt Link [LNKC] (IRQs 5 9 *10 11)
[    1.080765] ACPI: PCI Interrupt Link [LNKD] (IRQs 5 *9 10 11)
[    1.133007] ACPI: Enabled 2 GPEs in block 00 to 07
[    1.184503] SCSI subsystem initialized
[    1.212125] vgaarb: setting as boot device: PCI:0000:00:02.0
[    1.216000] vgaarb: device added: PCI:0000:00:02.0,decodes=io+mem,owns=io+mem,locks=none
[    1.316015] vgaarb: loaded
[    1.324004] vgaarb: bridge control possible 0000:00:02.0
[    1.328096] ACPI: bus type USB registered
[    1.331701] usbcore: registered new interface driver usbfs
[    1.332030] usbcore: registered new interface driver hub
[    1.348076] usbcore: registered new device driver usb
[    1.408150] PCI: Using ACPI for IRQ routing
[    1.416184] NetLabel: Initializing
[    1.420004] NetLabel:  domain hash size = 128
[    1.424002] NetLabel:  protocols = UNLABELED CIPSOv4
[    1.428020] NetLabel:  unlabeled traffic allowed by default
[    1.432119] clocksource: Switched to clocksource kvm-clock
[    1.574521] VFS: Disk quotas dquot_6.6.0
[    1.680472] VFS: Dquot-cache hash table entries: 512 (order 0, 4096 bytes)
[    1.723806] AppArmor: AppArmor Filesystem Enabled
[    1.786516] pnp: PnP ACPI init
[    1.806514] pnp: PnP ACPI: found 3 devices
[    1.831671] clocksource: acpi_pm: mask: 0xffffff max_cycles: 0xffffff, max_idle_ns: 2085701024 ns
[    1.841881] NET: Registered protocol family 2
[    1.845929] TCP established hash table entries: 8192 (order: 4, 65536 bytes)
[    1.859968] TCP bind hash table entries: 8192 (order: 5, 131072 bytes)
[    1.864099] TCP: Hash tables configured (established 8192 bind 8192)
[    1.905316] UDP hash table entries: 512 (order: 2, 16384 bytes)
[    1.916673] UDP-Lite hash table entries: 512 (order: 2, 16384 bytes)
[    1.923642] NET: Registered protocol family 1
[    1.925635] pci 0000:00:00.0: Limiting direct PCI/PCI transfers
[    1.931800] pci 0000:00:01.0: Activating ISA DMA hang workarounds
[    1.936369] pci 0000:00:02.0: Video device with shadowed ROM at [mem 0x000c0000-0x000dffff]
[    1.950050] Trying to unpack rootfs image as initramfs...
[    5.701036] Freeing initrd memory: 9008K (ffff993a76e57000 - ffff993a77723000)
[    5.761416] clocksource: tsc: mask: 0xffffffffffffffff max_cycles: 0x23f802228e9, max_idle_ns: 440795314945 ns
[    5.796101] platform rtc_cmos: registered platform RTC device (no PNP device found)
[    5.800483] Scanning for low memory corruption every 60 seconds
[    5.807952] futex hash table entries: 512 (order: 3, 32768 bytes)
[    5.844835] audit: initializing netlink subsys (disabled)
[    5.846916] audit: type=2000 audit(1496294000.622:1): initialized
[    5.894206] Initialise system trusted keyrings
[    5.901042] workingset: timestamp_bits=40 max_order=18 bucket_order=0
[    5.917928] zbud: loaded
[    5.943011] squashfs: version 4.0 (2009/01/31) Phillip Lougher
[    6.060985] fuse init (API version 7.25)
[    6.103907] Key type big_key registered
[    6.115510] Allocating IMA blacklist keyring.
[    6.157701] Key type asymmetric registered
[    6.173876] Asymmetric key parser 'x509' registered
[    6.198985] Block layer SCSI generic (bsg) driver version 0.4 loaded (major 248)
[    6.221889] io scheduler noop registered
[    6.275442] io scheduler deadline registered (default)
[    6.285692] io scheduler cfq registered
[    6.302772] pci_hotplug: PCI Hot Plug PCI Core version: 0.5
[    6.314377] pciehp: PCI Express Hot Plug Controller Driver version: 0.4
[    6.331177] ACPI: AC Adapter [AC] (off-line)
[    6.334645] input: Power Button as /devices/LNXSYSTM:00/LNXPWRBN:00/input/input0
[    6.353813] ACPI: Power Button [PWRF]
[    6.357100] input: Sleep Button as /devices/LNXSYSTM:00/LNXSLPBN:00/input/input1
[    6.396973] ACPI: Sleep Button [SLPF]
[    6.418269] GHES: HEST is not enabled!
[    6.419454] ACPI: Battery Slot [BAT0] (battery present)
[    6.445483] Serial: 8250/16550 driver, 32 ports, IRQ sharing enabled
[    6.480501] 00:02: ttyS0 at I/O 0x3f8 (irq = 4, base_baud = 115200) is a 16550A
[    6.498201] Linux agpgart interface v0.103
[    6.518296] brd: module loaded
[    6.541104] loop: module loaded
[    6.561962] scsi host0: ata_piix
[    6.584158] scsi host1: ata_piix
[    6.600499] ata1: PATA max UDMA/33 cmd 0x1f0 ctl 0x3f6 bmdma 0xd000 irq 14
[    6.638804] ata2: PATA max UDMA/33 cmd 0x170 ctl 0x376 bmdma 0xd008 irq 15
[    6.669151] libphy: Fixed MDIO Bus: probed
[    6.692762] tun: Universal TUN/TAP device driver, 1.6
[    6.708706] tun: (C) 1999-2004 Max Krasnyansky <maxk@qualcomm.com>
[    6.721422] PPP generic driver version 2.4.2
[    6.727260] ehci_hcd: USB 2.0 'Enhanced' Host Controller (EHCI) Driver
[    6.741117] ehci-pci: EHCI PCI platform driver
[    6.757078] ehci-platform: EHCI generic platform driver
[    6.810519] ohci_hcd: USB 1.1 'Open' Host Controller (OHCI) Driver
[    6.861941] ohci-pci: OHCI PCI platform driver
[    6.962351] ohci-platform: OHCI generic platform driver
[    6.967632] uhci_hcd: USB Universal Host Controller Interface driver
[    6.975713] i8042: PNP: PS/2 Controller [PNP0303:PS2K,PNP0f03:PS2M] at 0x60,0x64 irq 1,12
[    7.016419] serio: i8042 KBD port at 0x60,0x64 irq 1
[    7.045020] serio: i8042 AUX port at 0x60,0x64 irq 12
[    7.060325] mousedev: PS/2 mouse device common for all mice
[    7.127004] input: AT Translated Set 2 keyboard as /devices/platform/i8042/serio0/input/input2
[    7.137241] rtc_cmos rtc_cmos: rtc core: registered rtc_cmos as rtc0
[    7.137416] rtc_cmos rtc_cmos: alarms up to one day, 114 bytes nvram
[    7.137426] i2c /dev entries driver
[    7.137524] device-mapper: uevent: version 1.0.3
[    7.137625] device-mapper: ioctl: 4.35.0-ioctl (2016-06-23) initialised: dm-devel@redhat.com
[    7.267509] ledtrig-cpu: registered to indicate activity on CPUs
[    7.311988] NET: Registered protocol family 10
[    7.354808] NET: Registered protocol family 17
[    7.416636] Key type dns_resolver registered
[    7.480701] microcode: CPU0: patch_level=0x06000626
[    7.490257] microcode: CPU1: patch_level=0x06000626
[    7.534509] microcode: Microcode Update Driver: v2.01 <tigran@aivazian.fsnet.co.uk>, Peter Oruba
[    7.599698] registered taskstats version 1
[    7.633424] Loading compiled-in X.509 certificates
[    7.687745] Loaded X.509 cert 'Build time autogenerated kernel key: d8a9ab2b674a5d88dcef7c2bf636857c1ceebe07'
[    7.807158] zswap: loaded using pool lzo/zbud
[    7.903753] Key type trusted registered
[    7.955282] Key type encrypted registered
[    7.976455] AppArmor: AppArmor sha1 policy hashing enabled
[    7.992577] ima: No TPM chip found, activating TPM-bypass!
[    8.067332] evm: HMAC attrs: 0x1
[    8.165527]   Magic number: 5:768:212
[    8.260637] rtc_cmos rtc_cmos: setting system clock to 2017-06-01 05:13:21 UTC (1496294001)
[    8.273861] BIOS EDD facility v0.16 2004-Jun-25, 0 devices found
[    8.284915] EDD information not available.
[    8.292967] Freeing unused kernel memory: 1548K (ffffffff90f68000 - ffffffff910eb000)
[    8.329570] Write protecting the kernel read-only data: 14336k
[    8.349299] Freeing unused kernel memory: 1396K (ffff993a6e6a3000 - ffff993a6e800000)
[    8.363021] Freeing unused kernel memory: 288K (ffff993a6ebb8000 - ffff993a6ec00000)
[    8.391537] x86/mm: Checked W+X mappings: passed, no W+X pages found.
Loading, please wait...
starting version[    8.449619] random: systemd-udevd: uninitialized urandom read (16 bytes read)
 232
[    8.450730] random: udevadm: uninitialized urandom read (16 bytes read)
[    8.450787] random: udevadm: uninitialized urandom read (16 bytes read)
[    8.451860] random: udevadm: uninitialized urandom read (16 bytes read)
[    8.451944] random: udevadm: uninitialized urandom read (16 bytes read)
[    8.451963] random: udevadm: uninitialized urandom read (16 bytes read)
[    8.452118] random: udevadm: uninitialized urandom read (16 bytes read)
[    8.452542] random: udevadm: uninitialized urandom read (16 bytes read)
[    8.452656] random: udevadm: uninitialized urandom read (16 bytes read)
[    8.452760] random: udevadm: uninitialized urandom read (16 bytes read)
[    8.659812] e1000: Intel(R) PRO/1000 Network Driver - version 7.3.21-k8-NAPI
[    8.664736] e1000: Copyright (c) 1999-2006 Intel Corporation.
[    8.674296] Fusion MPT base driver 3.04.20
[    8.676883] Copyright (c) 1999-2008 LSI Corporation
[    8.698241] Fusion MPT SPI Host driver 3.04.20
[    8.839069] AVX version of gcm_enc/dec engaged.
[    8.872380] AES CTR mode by8 optimization enabled
[    8.924723] input: ImExPS/2 BYD TouchPad as /devices/platform/i8042/serio1/input/input4
[    9.492748] e1000 0000:00:03.0 eth0: (PCI:33MHz:32-bit) 02:19:2c:05:cf:50
[    9.530072] e1000 0000:00:03.0 eth0: Intel(R) PRO/1000 Network Connection
[    9.553813] mptbase: ioc0: Initiating bringup
[    9.765063] ioc0: LSI53C1030 A0: Capabilities={Initiator}
[   10.045090] scsi host2: ioc0: LSI53C1030 A0, FwRev=00000000h, Ports=1, MaxQ=256, IRQ=20
[   10.253957] scsi 2:0:0:0: Direct-Access     VBOX     HARDDISK         1.0  PQ: 0 ANSI: 5
[   10.279336] scsi target2:0:0: Beginning Domain Validation
[   10.300566] scsi target2:0:0: Domain Validation skipping write tests
[   10.313618] scsi target2:0:0: Ending Domain Validation
[   10.321476] scsi target2:0:0: asynchronous
[   10.417070] scsi 2:0:1:0: Direct-Access     VBOX     HARDDISK         1.0  PQ: 0 ANSI: 5
[   10.437585] scsi target2:0:1: Beginning Domain Validation
[   10.493287] random: fast init done
[   10.510377] scsi target2:0:1: Domain Validation skipping write tests
[   10.553369] scsi target2:0:1: Ending Domain Validation
[   10.593987] scsi target2:0:1: asynchronous
[   10.818761] sd 2:0:0:0: Attached scsi generic sg0 type 0
[   10.828392] sd 2:0:0:0: [sda] 20971520 512-byte logical blocks: (10.7 GB/10.0 GiB)
[   10.842149] sd 2:0:0:0: [sda] Write Protect is off
[   10.843617] sd 2:0:0:0: [sda] Incomplete mode parameter data
[   10.843621] sd 2:0:0:0: [sda] Assuming drive cache: write through
[   10.847541]  sda: sda1
[   10.848840] sd 2:0:0:0: [sda] Attached SCSI disk
[   10.896048] e1000 0000:00:08.0 eth1: (PCI:33MHz:32-bit) 08:00:27:61:de:8a
[   10.896048] e1000 0000:00:08.0 eth1: Intel(R) PRO/1000 Network Connection
[   10.934731] e1000 0000:00:03.0 enp0s3: renamed from eth0
[   11.095806] sd 2:0:1:0: Attached scsi generic sg1 type 0
[   11.096137] sd 2:0:1:0: [sdb] 20480 512-byte logical blocks: (10.5 MB/10.0 MiB)
[   11.096514] sd 2:0:1:0: [sdb] Write Protect is off
[   11.096699] sd 2:0:1:0: [sdb] Incomplete mode parameter data
[   11.096702] sd 2:0:1:0: [sdb] Assuming drive cache: write through
[   11.102749] sd 2:0:1:0: [sdb] Attached SCSI disk
[   11.279047] e1000 0000:00:08.0 enp0s8: renamed from eth1
[   12.000963] floppy0: no floppy controllers found
Begin: Loading essential drivers[   13.816079] md: linear personality registered for level -1
 ... [   13.873288] md: multipath personality registered for level -4
[   13.941811] md: raid0 personality registered for level 0
[   14.003224] md: raid1 personality registered for level 1
[   14.116320] raid6: sse2x1   gen()  4119 MB/s
[   14.232124] raid6: sse2x1   xor()  3025 MB/s
[   14.312020] raid6: sse2x2   gen()  6377 MB/s
[   14.392325] raid6: sse2x2   xor()  4035 MB/s
[   14.528661] raid6: sse2x4   gen()  7133 MB/s
[   14.636023] raid6: sse2x4   xor()  3116 MB/s
[   14.645022] raid6: using algorithm sse2x4 gen() 7133 MB/s
[   14.655860] raid6: .... xor() 3116 MB/s, rmw enabled
[   14.658286] raid6: using ssse3x2 recovery algorithm
[   14.666925] xor: automatically using best checksumming function: avx
[   14.672946] async_tx: api initialized (async)
[   14.694262] md: raid6 personality registered for level 6
[   14.733841] md: raid5 personality registered for level 5
[   14.736109] md: raid4 personality registered for level 4
[   14.750623] md: raid10 personality registered for level 10
done.
Begin: Running /scripts/init-premount ... done.
Begin: Mounting root file system ... Begin: Running /scr[   14.813243] Btrfs loaded, crc32c=crc32c-intel
ipts/local-top ... done.
Begin: Running /scripts/local-premount ... Scanning for Btrfs filesystems
done.
Warning: fsck not present, so sk[   14.924401] EXT4-fs (sda1): mounted filesystem with ordered data mode. Opts: (null)
ipping root file system
done.
Begin: Running /scripts/local-bottom ... done.
Begin: Running /scripts/init-bottom ... /scripts/init-bottom/plymouth: line 18: /bin/plymouth: not found
done.
[   15.224115] ip_tables: (C) 2000-2006 Netfilter Core Team
[   15.274205] systemd[1]: systemd 232 running in system mode. (+PAM +AUDIT +SELINUX +IMA +APPARMOR +SMACK +SYSVINIT +UTMP +LIBCRYPTSETUP +GCRYPT +GNUTLS +ACL +XZ +LZ4 +SECCOMP +BLKID +ELFUTILS +KMOD +IDN)
[   15.431410] systemd[1]: Detected virtualization oracle.
[   15.438360] systemd[1]: Detected architecture x86-64.

Welcome to [1mUbuntu Zesty Zapus (development branch)[0m!

[   15.501706] systemd[1]: Set hostname to <ubuntu>.
[   15.522057] systemd[1]: Initializing machine ID from random generator.
[   15.536359] systemd[1]: Installed transient /etc/machine-id file.
[   15.788143] systemd[1]: Listening on Device-mapper event daemon FIFOs.
[[0;32m  OK  [0m] Listening on Device-mapper event daemon FIFOs.
[   15.889874] systemd[1]: Listening on udev Kernel Socket.
[[0;32m  OK  [0m] Listening on udev Kernel Socket.
[   15.965502] systemd[1]: Created slice System Slice.
[[0;32m  OK  [0m] Created slice System Slice.
[   16.020687] systemd[1]: Mounting Debug File System...
         Mounting Debug File System...
[[0;32m  OK  [0m] Created slice User and Session Slice.
[[0;32m  OK  [0m] Listening on LVM2 metadata daemon socket.
         Mounting POSIX Message Queue File System...
[[0;32m  OK  [0m] Listening on Journal Audit Socket.
[[0;32m  OK  [0m] Listening on udev Control Socket.
[[0;32m  OK  [0m] Listening on Syslog Socket.
[[0;32m  OK  [0m] Reached target User and Group Name Lookups.
[[0;32m  OK  [0m] Listening on Journal Socket.
         Starting Set the console keyboard layout...
         Startin[   16.384345] EXT4-fs (sda1): re-mounted. Opts: (null)
g Remount Root and Kernel File Systems...
         Starting Create list of required st…ce nodes for the current kernel...
         Starting Monitoring of LVM2 mirrors…ng dmeventd or progress polling...
         Starting Load Ke[   16.745106] Loading iSCSI transport class v2.0-870.
rnel Modules...
[[0;32m  OK  [0m] Started Forwa[   16.790395] iscsi: registered transport (tcp)
rd Password Requests to Wall Directory Watch.
[[0;32m  OK  [0m] Reached targ[   16.875748] iscsi: registered transport (iser)
et Slices.
         Starting Nameserver information manager...
         Starting Uncomplicated firewall...
[[0;32m  OK  [0m] Reached target Swap.
[[0;32m  OK  [0m] Set up automount Arbitrary Executab…rmats File System Automount Point.
         Mounting Huge Pages File System...
[[0;32m  OK  [0m] Listening on /dev/initctl Compatibility Named Pipe.
[[0;32m  OK  [0m] Listening on LVM2 poll daemon socket.
[[0;32m  OK  [0m] Listening on Journal Socket (/dev/log).
         Starting Journal Service...
[[0;32m  OK  [0m] Created slice system-serial\x2dgetty.slice.
[[0;32m  OK  [0m] Mounted POSIX Message Queue File System.
[[0;32m  OK  [0m] Mounted Debug File System.
[[0;32m  OK  [0m] Mounted Huge Pages File System.
[[0;32m  OK  [0m] Started Journal Service.
[[0;32m  OK  [0m] Started Remount Root and Kernel File Systems.
[[0;32m  OK  [0m] Started Create list of required sta…vice nodes for the current kernel.
[[0;32m  OK  [0m] Started Load Kernel Modules.
[[0;32m  OK  [0m] Started Uncomplicated firewall.
[[0;32m  OK  [0m] Started Nameserver information manager.
[[0;32m  OK  [0m] Started LVM2 [   18.638952] random: crng init done
metadata daemon.
         Mounting FUSE Control File System...
         Starting Apply Kernel Variables...
         Mounting Configuration File System...
         Starting Create Static Device Nodes in /dev...
         Starting Initial cloud-init job (pre-networking)...
         Starting udev Coldplug all Devices...
         Starting Load/Save Random Seed...
         Starting Flush Journal to Persistent Storage...
[[0;32m  OK  [0m] Mounted FUSE Control File System.
[[0;32m  OK  [0m] Mounted Configuration File System.
[[0;32m  OK  [0m] Started Monitoring of LVM2 mirrors,…sing dmeventd or progress polling.
[[0;32m  OK  [0m] Started Apply Kernel Variables.
[[0;32m  OK  [0m] Started Create Static Device Nodes in /dev.
[[0;32m  OK  [0m] Started Load/Save Random Seed.
[[0;32m  OK  [0m] Started udev Coldplug all Devices.
[[0;32m  OK  [0m] Started Flush Journal to Persistent Storage.
[[0;32m  OK  [0m] Started Set the console keyboard layout.
[   22.970405] cloud-init[496]: Cloud-init v. 0.7.8 running 'init-local' at Thu, 01 Jun 2017 05:13:35 +0000. Up 21.86 seconds.
         Starting udev Kernel Device Manager...
[[0;32m  OK  [0m] Started udev Kernel Device Manager.
[[0;32m  OK  [0m] Started Dispatch Password Requests to Console Directory Watch.
[[0;32m  OK  [0m] Reached target Encrypted Volumes.
[[0;32m  OK  [0m] Reached target Local File Systems (Pre).
[[0;32m  OK  [0m] Reached target Local File Systems.
         Starting Tell Plymouth To Write Out Runtime Data...
         Starting Set console font and keymap...
         Starting Commit a transient machine-id on disk...
         Starting ebtables ruleset management...
         Starting AppArmor initialization...
         Starting Create Volatile Files and Directories...
[[0;32m  OK  [0m] Started Initial cloud-init job (pre-networking).
[[0;32m  OK  [0m] Started Tell Plymouth To Write Out Runtime Data.
[[0;32m  OK  [0m] Started Set console font and keymap.
[[0;32m  OK  [0m] Started Commit a transient machine-id on disk.
[[0;32m  OK  [0m] Started Create Volatile Files and Directories.
[[0;32m  OK  [0m] Found device /dev/ttyS0.
[[0;32m  OK  [0m] Started ebtables ruleset management.
[[0;32m  OK  [0m] Listening on Load/Save RF Kill Switch Status /dev/rfkill Watch.
[[0;32m  OK  [0m] Reached target System Time Synchronized.
         Starting Update UTMP about System Boot/Shutdown...
[[0;32m  OK  [0m] Reached target Network (Pre).
[[0;32m  OK  [0m] Started Update UTMP about System Boot/Shutdown.
[[0;32m  OK  [0m] Started AppArmor initialization.
         Starting Raise network interfaces...
[[0;32m  OK  [0m] Started ifup for enp0s3.
[[0;32m  OK  [0m] Started Raise network interfaces.
[[0;32m  OK  [0m] Reached target Network.
         Starting Initial cloud-init job (metadata service crawler)...
[   31.523578] cloud-init[1339]: Cloud-init v. 0.7.8 running 'init' at Thu, 01 Jun 2017 05:13:42 +0000. Up 29.37 seconds.
[   31.580255] cloud-init[1339]: ci-info: ++++++++++++++++++++++++++++++Net device info++++++++++++++++++++++++++++++
[   31.631657] cloud-init[1339]: ci-info: +---------+-------+-----------+---------------+-------+-------------------+
[   31.680248] [[0;32m  OK  [0m] Started Initial cloud-init job (metadata service crawler).
cloud-init[1339]: ci-info: |  Device |   Up  |  Address  |      Mask     | Scope |     Hw-Address    |
[   31.782824] cloud-init[1339]: ci-info: +---------+-------+-----------+---------------+-------+-------------------+
[   31.783304] cloud-init[1339]: ci-info: |   lo:   |  True | 127.0.0.1 |   255.0.0.0   |   .   |         .         |
[[0;32m  OK  [0m] Reached target System Initialization.
[   31.783576] cloud-init[1339]: ci-info: |   lo:   |  True |     .     |       .       |   d   |         .         |
[   32.077367] cloud-init[1339]: ci-info: | enp0s8: | False |     .     |       .       |   .   | 08:00:27:61:de:8a |
[   32.077883] cloud-init[1339]: ci-info: | enp0s3: |  True | 10.0.2.15 | 255.255.255.0 |   .   | 02:19:2c:05:cf:50 |
         Starting Socket activation for snappy daemon.
[   32.078137] cloud-init[1339]: ci-info: | enp0s3: |  True |     .     |       .       |   d   | 02:19:2c:05:cf:50 |
[   32.401580] cloud-init[1339]: ci-info: +---------+-------+-----------+---------------+-------+-------------------+
[   32.402060] cloud-init[1339]: ci-info: +++++++++++++++++++++++++++Route IPv4 info++++++++++++++++++++++++++++
         Starting LXD - unix socket.
[[   32.402302] cloud-init[1339]: ci-info: +-------+-------------+----------+---------------+-----------+-------+
[   32.538289] cloud-init[1339]: ci-info: | Route | Destination | Gateway  |    Genmask    | Interface | Flags |
[0;32m  OK  [0m] Listening on D-Bus System Message Bus Socket.
[[   32.538448] cloud-init[1339]: ci-info: +-------+-------------+----------+---------------+-----------+-------+
[   32.740752] cloud-init[1339]: ci-info: |   0   |   0.0.0.0   | 10.0.2.2 |    0.0.0.0    |   enp0s3  |   UG  |
[0;32m  OK  [0m] Started Timer to automatically refresh installed snaps.
[[   32.740922] cloud-init[1339]: ci-info: |   1   |   10.0.2.0  | 0.0.0.0  | 255.255.255.0 |   enp0s3  |   U   |
[   32.946316] cloud-init[1339]: ci-info: +-------+-------------+----------+---------------+-----------+-------+
[0;32m  OK  [0m] Listening on ACPID Listen Socket.
[   32.946515] cloud-init[1339]: Generating public/private rsa key pair.
[   33.093852] cloud-init[1339]: Your identification has been saved in /etc/ssh/ssh_host_rsa_key.
[   33.094665] cloud-init[1339]: Your public key has been saved in /etc/ssh/ssh_host_rsa_key.pub.
[[0;32m  OK  [0m] Started ACPI Events Check.
[[0;32m  OK  [0m] Reached target Paths.
[   33.094985] cloud-init[1339]: The key fingerprint is:
[   33.185752] cloud-init[1339]: SHA256:lD57QU/SAjPoTw408GdOVXxL6NSCTXrsz5cK1nbzLdA root@ubuntu-zesty
[   33.186240] cloud-init[1339]: The key's randomart image is:
[[0;32m  OK  [0m] Started Daily Cleanup of Temporary Directories.
[[0;32m  OK  [0m[   33.186515] cloud-init[1339]: +---[RSA 2048]----+
] Listening on UUID daemon activation socket.
[[   33.282542] cloud-init[1339]: |    .. .+ .*oo   |
[   33.347049] cloud-init[1339]: |     .+  *.+* +  |
[0;32m  OK  [0m] Started Daily apt activities.
[[   33.347192] cloud-init[1339]: |     o..* =o=+ . |
[   33.421704] cloud-init[1339]: |      oB.. B. .  |
[   33.423025] cloud-init[1339]: |       =S . o.   |
[   33.425135] cloud-init[1339]: |        oo .ooE .|
[0;32m  OK  [0m] Reached target Timers.
[[   33.425372] cloud-init[1339]: |        . .o +o+.|
[   33.534519] cloud-init[1339]: |         .. o +.+|
[0;32m  OK  [0m] Reached target Cloud-config availability.
[[   33.534680] cloud-init[1339]: |             . .o|
[   33.618716] cloud-init[1339]: +----[SHA256]-----+
[0;32m  OK  [0m] Reached target Network is Online.
[   33.619049] cloud-init[1339]: Generating public/private dsa key pair.
[   33.749351]          cloud-initStarting iSCSI initiator daemon (iscsid)...[1339]: 
Your identification has been saved in /etc/ssh/ssh_host_dsa_key.
[   33.836885] [cloud-init[0;32m  OK  [0m[1339]: ] Your public key has been saved in /etc/ssh/ssh_host_dsa_key.pub.Listening on Socket activation for snappy daemon.

[[0;32m  OK  [0m] Listening on LXD - unix socket.
[   33.837862] cloud-init[1339]: The key fingerprint is:
[   34.053793] [cloud-init[0;32m  OK  [0m[1339]: ] SHA256:RIqlqub7gWRa+nnaXTUhk2x98vSX0RdYkfDlhK2CnA0 root@ubuntu-zestyReached target Sockets.

[[   34.054854] cloud-init[1339]: The key's randomart image is:
[0;32m  OK  [0m] Reached target Basic System.
[   34.158819] cloud-init[1339]: +---[DSA 1024]----+
[   34.281407] cloud-init[1339]: |      . .    .+*=|
[   34.282187] cloud-init[1339]: |     + + oE  .o+=|
         Starting LSB: Record successful boot for GRUB...
[   34.282455] cloud-init[1339]: |    o . B.+=o  ++|
[   34.416795]          cloud-initStarting System Logging Service...[1339]: 
|   .   o o+*o.. +|
[   34.477100]          cloud-initStarting LXD - container startup/shutdown...[1339]: 
| oo     S o .....|
[   34.548672] cloud-init[1339]: |++.      . .   . |
[   34.549330] cloud-init[1339]: |+o .    .        |
[[0;32m  OK  [0m] Started ACPI event daemon.
[   34.549669] cloud-init[1339]: |o. oo. .         |
[   34.670079]          cloud-initStarting Accounts Service...[1339]: 
| o*+. .          |
[   34.725238] [cloud-init[0;32m  OK  [0m[1339]: ] +----[SHA256]-----+Started D-Bus System Message Bus.

[   34.726374] cloud-init[1339]: Generating public/private ecdsa key pair.
[[0;32m  OK  [0m] Started FUSE filesystem for LXC.
[   34.810538] cloud-init[1339]: Your identification has been saved in /etc/ssh/ssh_host_ecdsa_key.
[[0;32m  OK  [0m] Started Regular background program processing daemon.
[   34.853131] cloud-init[1339]: Your public key has been saved in /etc/ssh/ssh_host_ecdsa_key.pub.
[   34.917042]          cloud-initStarting Apply the settings specified in cloud-config...[1339]: 
The key fingerprint is:
         Starting Login Service...
[   34.987478] cloud-init[1339]: SHA256:cS3H73T0QlYGclHtzmeeRYUGPD9WjLpfevsNvtuKImM root@ubuntu-zesty
         Starting Network Name Resolution...
[   35.067667] cloud-init[1339]: The key's randomart image is:
[   35.316953] cloud-init[1339]: +---[ECDSA 256]---+
[   35.362472] [cloud-init[0;32m  OK  [0m[1339]: ] |           .o.+B=|Started Deferred execution scheduler.

[   35.363418] cloud-init[1339]: |           ooo+o=|
         Starting Pollinate to seed the pseudo random number generator...
[   35.627236] cloud-init[1339]: |        . o +=ooo|
[[0;32m  OK  [0m] Started Snappy daemon.
[   35.905631] cloud-init[1339]: |         o o.++.+|
         Starting Auto import assertions from block devices...
[[0;32m  OK  [0m] Started System Logging Service.
[   36.148728] cloud-init[1339]: |        S    o+=o|
[[0;32m  OK  [0m] Started iSCSI initiator daemon (iscsid).
[[0;32m  OK  [0m] Started LXD - container startup/shutdown.
[[0;32m  OK  [0m] Started Auto import assertions from block devices.
[   36.813758] cloud-init[1339]: |            .o oB|
[   37.077760] cloud-init[1339]: |             .o=+|
[   37.218022] cloud-init[1339]: |        E .  oo++|
[   37.332061] cloud-init[1339]: |       . o .. =**|
         Starting Authorization Manager...
[   37.536182] cloud-init[1339]: +----[SHA256]-----+
[   37.590381] cloud-init[1339]: Generating public/private ed25519 key pair.
[   37.890956] cloud-init[1339]: Your identification has been saved in /etc/ssh/ssh_host_ed25519_key.
[   37.925457] cloud-init[1339]: Your public key has been saved in /etc/ssh/ssh_host_ed25519_key.pub.
[   37.989162] cloud-init[1339]: The key fingerprint is:
         Starting Login to default iSCSI targets...
[   38.196469] cloud-init[1339]: SHA256:2aBe6z8asT8rfV1GxCYTruXyRJDQitW15Oc5u6fUj04 root@ubuntu-zesty
[[0;32m  OK  [0m] Started LSB: Record successful boot for GRUB.
[   38.757235] cloud-init[1339]: The key's randomart image is:
[   39.119255] cloud-init[1339]: +--[ED25519 256]--+
[   39.204176] cloud-init[1339]: |          .+.o+o |
[   39.428772] cloud-init[1339]: |          . +=o.+|
[   39.634032] cloud-init[1339]: |        .o .  *=.|
[[0;32m  OK  [0m] Started Network Name Resolution.
[[0;32m  OK  [0m] Started Pollinate to seed the pseudo random number generator.
[[0;32m  OK  [0m] Started Login Service.
[[0;32m  OK  [0m] Started Authorization Manager.
[[0;32m  OK  [0m] Started Accounts Service.
[   39.696839] cloud-init[1339]: |       ..+.  = oo|
         Starting OpenBSD Secure Shell server...
[   41.567547] cloud-init[1339]: |      . S . o o+.|
[   41.650415] cloud-init[1339]: |     . . +   + .=|
[   41.700912] cloud-init[1339]: |      . +.   .E+.|
[   41.757088] cloud-init[1339]: |       ..o+ .o..+|
[   41.905834] cloud-init[1339]: |        o++= .+oo|
[   41.911086] cloud-init[1339]: +----[SHA256]-----+
[[0;32m  OK  [0m] Started Login to default iSCSI targets.
[[0;32m  OK  [0m] Started OpenBSD Secure Shell server.
[[0;32m  OK  [0m] Reached target Remote File Systems (Pre).
[[0;32m  OK  [0m] Reached target Remote File Systems.
[   42.715721] cloud-init[1577]: Generating locales (this might take a while)...
         Starting LSB: automatic crash report generation...
         Starting LSB: daemon to balance interrupts for SMP systems...
         Starting LSB: VirtualBox Linux Additions...
[   43.440402] cloud-init[1577]:   en_US.UTF-8... done
         Starting Permit User Sessions...
[   43.488357] cloud-init[1577]: Generation complete.
[[0;32m  OK  [0m] Started Permit User Sessions.
         Starting Terminate Plymouth Boot Screen...
         Starting Hold until boot process finishes up...
[[0;32m  OK  [0m] Started LSB: automatic crash report generation.
[[0;32m  OK  [0m] Started LSB: daemon to balance interrupts for SMP systems.
[[0;32m  OK  [0m] Started LSB: VirtualBox Linux Additions.
[[0;32m  OK  [0m] Started Terminate Plymouth Boot Screen.
[[0;32m  OK  [0m] Started Hold until boot process finishes up.
[[0;32m  OK  [0m] Started Serial Getty on ttyS0.
         Starting Set console scheme...
[[0;32m  OK  [0m] Started Set console scheme.
[[0;32m  OK  [0m] Created slice system-getty.slice.
[[0;32m  OK  [0m] Started Getty on tty1.
[[0;32m  OK  [0m] Reached target Login Prompts.
[[0;32m  OK  [0m] Reached target Multi-User System.
[[0;32m  OK  [0m] Reached target Graphical Interface.
         Starting Update UTMP about System Runlevel Changes...
[[0;32m  OK  [0m] Started Update UTMP about System Runlevel Changes.
         Stopping OpenBSD Secure Shell server...
[[0;32m  OK  [0m] Stopped OpenBSD Secure Shell server.
         Starting OpenBSD Secure Shell server...
[[0;32m  OK  [0m] Started OpenBSD Secure Shell server.
[   46.296769] cloud-init[1577]: Cloud-init v. 0.7.8 running 'modules:config' at Thu, 01 Jun 2017 05:13:50 +0000. Up 37.33 seconds.
[[0;32m  OK  [0m] Started Apply the settings specified in cloud-config.
         Starting Execute cloud user/final scripts...
ci-info: no authorized ssh keys fingerprints found for user ubuntu.
<14>Jun  1 05:14:00 ec2: 
<14>Jun  1 05:14:00 ec2: #############################################################
<14>Jun  1 05:14:00 ec2: -----BEGIN SSH HOST KEY FINGERPRINTS-----
<14>Jun  1 05:14:00 ec2: 1024 SHA256:RIqlqub7gWRa+nnaXTUhk2x98vSX0RdYkfDlhK2CnA0 root@ubuntu-zesty (DSA)
<14>Jun  1 05:14:00 ec2: 256 SHA256:cS3H73T0QlYGclHtzmeeRYUGPD9WjLpfevsNvtuKImM root@ubuntu-zesty (ECDSA)
<14>Jun  1 05:14:00 ec2: 256 SHA256:2aBe6z8asT8rfV1GxCYTruXyRJDQitW15Oc5u6fUj04 root@ubuntu-zesty (ED25519)
<14>Jun  1 05:14:00 ec2: 2048 SHA256:lD57QU/SAjPoTw408GdOVXxL6NSCTXrsz5cK1nbzLdA root@ubuntu-zesty (RSA)
<14>Jun  1 05:14:00 ec2: -----END SSH HOST KEY FINGERPRINTS-----
<14>Jun  1 05:14:00 ec2: #############################################################
-----BEGIN SSH HOST KEY KEYS-----
ecdsa-sha2-nistp256 AAAAE2VjZHNhLXNoYTItbmlzdHAyNTYAAAAIbmlzdHAyNTYAAABBBG5ljtN3mqUyQNGmhvaJN1T8xJcLCIeFWopOYCKRKNWfYBd//lI6fLW8ohWgpFps7nGOBAr8yGcnH1pcUqftAMk= root@ubuntu-zesty
ssh-ed25519 AAAAC3NzaC1lZDI1NTE5AAAAICNN9X2DBlnR5X5QKa5SeJR2oJg0T3N2O1u5uCz8EZrv root@ubuntu-zesty
ssh-rsa AAAAB3NzaC1yc2EAAAADAQABAAABAQC2PZ+lt9ejXtxbfXn39UHgUTIm6DFT+uWFAMo2RFMFLak2vVEF8G2W497Iwlaj/E1voS7e4ms6OqWq27d5EOd7ENdGgoDiQ4cbcr00rnkKv1Nf8t9JI4c6UQpPzct2sAPpjkXLE3I31/22LOeFp4wqE7re2YdJIzkTE/UTYSVOEZHbIPHXgDo4iwlBFN0EDTwOqTbXGqD9joA+mmgc6DRzrDlgbfaUrVT6gDRAqdS/aJlKOrsM1UcZzCmvSynhUypl2o96L6R3wHRe5+c+8Gmdz1s2Whp3jqqLm+UBHTJ4TciCZuLazVWOcvgjNfmSegy3fktvzT9Ctpc4eXTWLa+H root@ubuntu-zesty
-----END SSH HOST KEY KEYS-----
[   48.765997] cloud-init[2248]: Cloud-init v. 0.7.8 running 'modules:final' at Thu, 01 Jun 2017 05:14:00 +0000. Up 47.36 seconds.
[   48.861165] cloud-init[2248]: ci-info: no authorized ssh keys fingerprints found for user ubuntu.
[   48.929470] cloud-init[2248]: Cloud-init v. 0.7.8 finished at Thu, 01 Jun 2017 05:14:01 +0000. Datasource DataSourceNoCloud [seed=/dev/sdb][dsmode=net].  Up 48.75 seconds
[[0;32m  OK  [0m] Started Execute cloud user/final scripts.
[[0;32m  OK  [0m] Reached target Cloud-init target.

Ubuntu Zesty Zapus (development branch) ubuntu-zesty ttyS0

ubuntu-zesty login: 